0 info it worked if it ends with ok
1 verbose cli [ 'C:\\Program Files\\nodejs\\node.exe',
1 verbose cli   'C:\\Program Files\\nodejs\\node_modules\\npm\\bin\\npm-cli.js',
1 verbose cli   'start' ]
2 info using npm@3.10.10
3 info using node@v6.11.3
4 verbose run-script [ 'prestart', 'start', 'poststart' ]
5 info lifecycle app-name@0.1.0~prestart: app-name@0.1.0
6 silly lifecycle app-name@0.1.0~prestart: no script for prestart, continuing
7 info lifecycle app-name@0.1.0~start: app-name@0.1.0
8 verbose lifecycle app-name@0.1.0~start: unsafe-perm in lifecycle true
9 verbose lifecycle app-name@0.1.0~start: PATH: C:\Program Files\nodejs\node_modules\npm\bin\node-gyp-bin;C:\Users\Ryuji\Desktop\final-project\client\node_modules\.bin;C:\Program Files\nodejs\node_modules\npm\bin\node-gyp-bin;C:\Users\Ryuji\Desktop\final-project\node_modules\.bin;C:\Users\Ryuji\Desktop\final-project\node_modules\.bin;C:\Users\Ryuji\AppData\Local\Yarn\config\link\node_modules\.bin;C:\Users\Ryuji\Desktop\final-project\node_modules\.bin;C:\Users\Ryuji\AppData\Local\Yarn\config\link\node_modules\.bin;C:\Program Files\lib\node_modules\npm\bin\node-gyp-bin;C:\Program Files\nodejs\node_modules\npm\bin\node-gyp-bin;C:\Program Files\Git\mingw64\bin;C:\Program Files\Git\usr\bin;C:\Users\Ryuji\bin;C:\Windows\system32;C:\Windows;C:\Windows\System32\Wbem;C:\Windows\System32\WindowsPowerShell\v1.0;C:\Program Files (x86)\ATI Technologies\ATI.ACE\Core-Static;C:\Program Files\nodejs;C:\Android;C:\Windows\System32;C:\Program Files\Git\cmd;C:\Program Files\MongoDB\Server\3.6\bin;C:\Program Files (x86)\Yarn\bin;C:\Program Files\Heroku\bin;C:\Users\Ryuji\AppData\Roaming\npm;C:\Program Files\Microsoft VS Code\bin;C:\Users\Ryuji\AppData\Local\Yarn\bin
10 verbose lifecycle app-name@0.1.0~start: CWD: C:\Users\Ryuji\Desktop\final-project\client
11 silly lifecycle app-name@0.1.0~start: Args: [ '/d /s /c', 'react-scripts start' ]
12 silly lifecycle app-name@0.1.0~start: Returned: code: 1  signal: null
13 info lifecycle app-name@0.1.0~start: Failed to exec start script
14 verbose stack Error: app-name@0.1.0 start: `react-scripts start`
14 verbose stack Exit status 1
14 verbose stack     at EventEmitter.<anonymous> (C:\Program Files\nodejs\node_modules\npm\lib\utils\lifecycle.js:255:16)
14 verbose stack     at emitTwo (events.js:106:13)
14 verbose stack     at EventEmitter.emit (events.js:191:7)
14 verbose stack     at ChildProcess.<anonymous> (C:\Program Files\nodejs\node_modules\npm\lib\utils\spawn.js:40:14)
14 verbose stack     at emitTwo (events.js:106:13)
14 verbose stack     at ChildProcess.emit (events.js:191:7)
14 verbose stack     at maybeClose (internal/child_process.js:920:16)
14 verbose stack     at Process.ChildProcess._handle.onexit (internal/child_process.js:230:5)
15 verbose pkgid app-name@0.1.0
16 verbose cwd C:\Users\Ryuji\Desktop\final-project\client
17 error Windows_NT 6.1.7601
18 error argv "C:\\Program Files\\nodejs\\node.exe" "C:\\Program Files\\nodejs\\node_modules\\npm\\bin\\npm-cli.js" "start"
19 error node v6.11.3
20 error npm  v3.10.10
21 error code ELIFECYCLE
22 error app-name@0.1.0 start: `react-scripts start`
22 error Exit status 1
23 error Failed at the app-name@0.1.0 start script 'react-scripts start'.
23 error Make sure you have the latest version of node.js and npm installed.
23 error If you do, this is most likely a problem with the app-name package,
23 error not with npm itself.
23 error Tell the author that this fails on your system:
23 error     react-scripts start
23 error You can get information on how to open an issue for this project with:
23 error     npm bugs app-name
23 error Or if that isn't available, you can get their info via:
23 error     npm owner ls app-name
23 error There is likely additional logging output above.
24 verbose exit [ 1, true ]
